[2017.03.16 11:29:55.203][logging.cpp][INFO]LoadConfig，日志文件读取轮循时间，TIMER=[10s]
[2017.03.16 11:29:55.203][logging.cpp][INFO]获得ATM厂商[NCR]
[2017.03.16 11:29:55.203][logging.cpp][INFO]LoadConfig，需要分析的文件数，FILE_COUNT=[3]
[2017.03.16 11:29:55.203][logging.cpp][INFO]TRN|TFI|20170316.txt|664|664|0
[2017.03.16 11:29:55.203][logging.cpp][INFO]得到文件配置
业务类型[TRN]
交易类型[TFI]
文件名[20170316.txt]
文件大小[664]
上次读取位置[664]
循环读取标志[0]

[2017.03.16 11:29:55.203][logging.cpp][INFO]LoadConfig，需要分析的日志文件信息
FILE1
业务类型BizType=[TRN]
交易类型TranType=[TFI]
文件路径FilePath=[C:\NCR\ReportData\TransactionReport\20170316.txt]
[2017.03.16 11:29:55.203][logging.cpp][INFO]HARDPART|TFI|20170316.txt|219|219|0
[2017.03.16 11:29:55.203][logging.cpp][INFO]得到文件配置
业务类型[HARDPART]
交易类型[TFI]
文件名[20170316.txt]
文件大小[219]
上次读取位置[219]
循环读取标志[0]

[2017.03.16 11:29:55.203][logging.cpp][INFO]LoadConfig，需要分析的日志文件信息
FILE2
业务类型BizType=[HARDPART]
交易类型TranType=[TFI]
文件路径FilePath=[C:\NCR\ReportData\OEX\20170316.txt]
[2017.03.16 11:29:55.203][logging.cpp][INFO]HARDWARE|TFI|DeviceStatus.txt|0|0|1
[2017.03.16 11:29:55.203][logging.cpp][INFO]得到文件配置
业务类型[HARDWARE]
交易类型[TFI]
文件名[DeviceStatus.txt]
文件大小[0]
上次读取位置[0]
循环读取标志[1]

[2017.03.16 11:29:55.203][logging.cpp][INFO]LoadConfig，需要分析的日志文件信息
FILE3
业务类型BizType=[HARDWARE]
交易类型TranType=[TFI]
文件路径FilePath=[C:\NCR\ReportData\StatusReport\DeviceStatus.txt]
[2017.03.16 11:29:55.203][logging.cpp][INFO]文件配置加载完成
[2017.03.16 11:30:52.930][logging.cpp][INFO]------------------------------ANALYSIS BEGIN AT TIME[2017/03/16 11:30:52]------------------------------
[2017.03.16 11:30:52.931][logging.cpp][INFO]LoadConfig，日志文件读取轮循时间，TIMER=[10s]
[2017.03.16 11:30:52.932][logging.cpp][INFO]获得ATM厂商[NCR]
[2017.03.16 11:30:52.932][logging.cpp][INFO]LoadConfig，需要分析的文件数，FILE_COUNT=[3]
[2017.03.16 11:30:52.933][logging.cpp][INFO]TRN|TFI|20170316.txt|664|664|0
[2017.03.16 11:30:52.933][logging.cpp][INFO]得到文件配置
业务类型[TRN]
交易类型[TFI]
文件名[20170316.txt]
文件大小[664]
上次读取位置[664]
循环读取标志[0]

[2017.03.16 11:30:52.934][logging.cpp][INFO]LoadConfig，需要分析的日志文件信息
FILE1
业务类型BizType=[TRN]
交易类型TranType=[TFI]
文件路径FilePath=[C:\NCR\ReportData\TransactionReport\20170316.txt]
[2017.03.16 11:30:52.935][logging.cpp][INFO]HARDPART|TFI|20170316.txt|219|219|0
[2017.03.16 11:30:52.935][logging.cpp][INFO]得到文件配置
业务类型[HARDPART]
交易类型[TFI]
文件名[20170316.txt]
文件大小[219]
上次读取位置[219]
循环读取标志[0]

[2017.03.16 11:30:52.936][logging.cpp][INFO]LoadConfig，需要分析的日志文件信息
FILE2
业务类型BizType=[HARDPART]
交易类型TranType=[TFI]
文件路径FilePath=[C:\NCR\ReportData\OEX\20170316.txt]
[2017.03.16 11:30:52.937][logging.cpp][INFO]HARDWARE|TFI|DeviceStatus.txt|0|0|1
[2017.03.16 11:30:52.937][logging.cpp][INFO]得到文件配置
业务类型[HARDWARE]
交易类型[TFI]
文件名[DeviceStatus.txt]
文件大小[0]
上次读取位置[0]
循环读取标志[1]

[2017.03.16 11:30:52.938][logging.cpp][INFO]LoadConfig，需要分析的日志文件信息
FILE3
业务类型BizType=[HARDWARE]
交易类型TranType=[TFI]
文件路径FilePath=[C:\NCR\ReportData\StatusReport\DeviceStatus.txt]
[2017.03.16 11:30:52.938][logging.cpp][INFO]文件配置加载完成
[2017.03.16 11:30:52.939][logging.cpp][INFO]业务类型[TRN]
[2017.03.16 11:31:07.723][logging.cpp][INFO]LoadConfig，日志文件读取轮循时间，TIMER=[10s]
[2017.03.16 11:31:07.723][logging.cpp][INFO]获得ATM厂商[NCR]
[2017.03.16 11:31:07.724][logging.cpp][INFO]LoadConfig，需要分析的文件数，FILE_COUNT=[3]
[2017.03.16 11:31:07.725][logging.cpp][INFO]TRN|TFI|20170316.txt|664|664|0
[2017.03.16 11:31:07.725][logging.cpp][INFO]得到文件配置
业务类型[TRN]
交易类型[TFI]
文件名[20170316.txt]
文件大小[664]
上次读取位置[664]
循环读取标志[0]

[2017.03.16 11:31:07.726][logging.cpp][INFO]LoadConfig，需要分析的日志文件信息
FILE1
业务类型BizType=[TRN]
交易类型TranType=[TFI]
文件路径FilePath=[C:\NCR\ReportData\TransactionReport\20170316.txt]
[2017.03.16 11:31:07.726][logging.cpp][INFO]HARDPART|TFI|20170316.txt|219|219|0
[2017.03.16 11:31:07.726][logging.cpp][INFO]得到文件配置
业务类型[HARDPART]
交易类型[TFI]
文件名[20170316.txt]
文件大小[219]
上次读取位置[219]
循环读取标志[0]

[2017.03.16 11:31:07.726][logging.cpp][INFO]LoadConfig，需要分析的日志文件信息
FILE2
业务类型BizType=[HARDPART]
交易类型TranType=[TFI]
文件路径FilePath=[C:\NCR\ReportData\OEX\20170316.txt]
[2017.03.16 11:31:07.726][logging.cpp][INFO]HARDWARE|TFI|DeviceStatus.txt|0|0|1
[2017.03.16 11:31:07.726][logging.cpp][INFO]得到文件配置
业务类型[HARDWARE]
交易类型[TFI]
文件名[DeviceStatus.txt]
文件大小[0]
上次读取位置[0]
循环读取标志[1]

[2017.03.16 11:31:07.726][logging.cpp][INFO]LoadConfig，需要分析的日志文件信息
FILE3
业务类型BizType=[HARDWARE]
交易类型TranType=[TFI]
文件路径FilePath=[C:\NCR\ReportData\StatusReport\DeviceStatus.txt]
[2017.03.16 11:31:07.726][logging.cpp][INFO]文件配置加载完成
[2017.03.16 11:31:17.731][logging.cpp][INFO]<Record>    <UpdateDateTime>11111111111111</UpdateDateTime>    <Terminal>80201111</Terminal>    <TransType>4005</TransType>    <TransDate>20170308</TransDate>    <TransTime>111111</TransTime>    <Card>6212872034275498</Card>    <DestAccount>5212872034275498</DestAccount>    <TransAmount>100000</TransAmount>    <Currency>156</Currency>    <HostResponseCode>00</HostResponseCode>    <HostSerial>00009946</HostSerial>    <HostReference>000000009946</HostReference>    <CardType>001</CardType>    <Acquirer></Acquirer>    <Issuer></Issuer>    <Fee>250</Fee>    <BatchNo></BatchNo>    <TransResult>00</TransResult>    <Reserved></Reserved></Record>
[2017.03.16 11:31:17.732][logging.cpp][INFO]------------------------------ANALYSIS BEGIN AT TIME[2017/03/16 11:31:17]------------------------------
[2017.03.16 11:31:17.732][logging.cpp][INFO]LoadConfig，日志文件读取轮循时间，TIMER=[10s]
[2017.03.16 11:31:17.733][logging.cpp][INFO]获得ATM厂商[NCR]
[2017.03.16 11:31:17.734][logging.cpp][INFO]LoadConfig，需要分析的文件数，FILE_COUNT=[3]
[2017.03.16 11:31:17.734][logging.cpp][INFO]TRN|TFI|20170316.txt|664|664|0
[2017.03.16 11:31:17.735][logging.cpp][INFO]得到文件配置
业务类型[TRN]
交易类型[TFI]
文件名[20170316.txt]
文件大小[664]
上次读取位置[664]
循环读取标志[0]

[2017.03.16 11:31:17.736][logging.cpp][INFO]LoadConfig，需要分析的日志文件信息
FILE1
业务类型BizType=[TRN]
交易类型TranType=[TFI]
文件路径FilePath=[C:\NCR\ReportData\TransactionReport\20170316.txt]
[2017.03.16 11:31:17.736][logging.cpp][INFO]HARDPART|TFI|20170316.txt|219|219|0
[2017.03.16 11:31:17.737][logging.cpp][INFO]得到文件配置
业务类型[HARDPART]
交易类型[TFI]
文件名[20170316.txt]
文件大小[219]
上次读取位置[219]
循环读取标志[0]

[2017.03.16 11:31:17.738][logging.cpp][INFO]LoadConfig，需要分析的日志文件信息
FILE2
业务类型BizType=[HARDPART]
交易类型TranType=[TFI]
文件路径FilePath=[C:\NCR\ReportData\OEX\20170316.txt]
[2017.03.16 11:31:17.738][logging.cpp][INFO]HARDWARE|TFI|DeviceStatus.txt|0|0|1
[2017.03.16 11:31:17.739][logging.cpp][INFO]得到文件配置
业务类型[HARDWARE]
交易类型[TFI]
文件名[DeviceStatus.txt]
文件大小[0]
上次读取位置[0]
循环读取标志[1]

[2017.03.16 11:31:17.739][logging.cpp][INFO]LoadConfig，需要分析的日志文件信息
FILE3
业务类型BizType=[HARDWARE]
交易类型TranType=[TFI]
文件路径FilePath=[C:\NCR\ReportData\StatusReport\DeviceStatus.txt]
[2017.03.16 11:31:17.740][logging.cpp][INFO]文件配置加载完成
[2017.03.16 11:31:17.741][logging.cpp][INFO]业务类型[TRN]
[2017.03.16 11:31:34.428][logging.cpp][INFO]更新文件状态，key=[FILE1_STATE]，value=[TRN|TFI|20170316.txt|664|664|0]
[2017.03.16 11:49:48.505][logging.cpp][INFO]LoadConfig，日志文件读取轮循时间，TIMER=[10s]
[2017.03.16 11:49:48.506][logging.cpp][INFO]获得ATM厂商[NCR]
[2017.03.16 11:49:48.507][logging.cpp][INFO]LoadConfig，需要分析的文件数，FILE_COUNT=[3]
[2017.03.16 11:49:48.507][logging.cpp][INFO]TRN|TFI|20170316.txt|664|664|0
[2017.03.16 11:49:48.508][logging.cpp][INFO]得到文件配置
业务类型[TRN]
交易类型[TFI]
文件名[20170316.txt]
文件大小[664]
上次读取位置[664]
循环读取标志[0]

[2017.03.16 11:49:48.509][logging.cpp][INFO]LoadConfig，需要分析的日志文件信息
FILE1
业务类型BizType=[TRN]
交易类型TranType=[TFI]
文件路径FilePath=[C:\NCR\ReportData\TransactionReport\20170316.txt]
[2017.03.16 11:49:48.510][logging.cpp][INFO]HARDPART|TFI|20170316.txt|219|219|0
[2017.03.16 11:49:48.511][logging.cpp][INFO]得到文件配置
业务类型[HARDPART]
交易类型[TFI]
文件名[20170316.txt]
文件大小[219]
上次读取位置[219]
循环读取标志[0]

[2017.03.16 11:49:48.512][logging.cpp][INFO]LoadConfig，需要分析的日志文件信息
FILE2
业务类型BizType=[HARDPART]
交易类型TranType=[TFI]
文件路径FilePath=[C:\NCR\ReportData\OEX\20170316.txt]
[2017.03.16 11:49:48.512][logging.cpp][INFO]HARDWARE|TFI|DeviceStatus.txt|0|0|1
[2017.03.16 11:49:48.513][logging.cpp][INFO]得到文件配置
业务类型[HARDWARE]
交易类型[TFI]
文件名[DeviceStatus.txt]
文件大小[0]
上次读取位置[0]
循环读取标志[1]

[2017.03.16 11:49:48.514][logging.cpp][INFO]LoadConfig，需要分析的日志文件信息
FILE3
业务类型BizType=[HARDWARE]
交易类型TranType=[TFI]
文件路径FilePath=[C:\NCR\ReportData\StatusReport\DeviceStatus.txt]
[2017.03.16 11:49:48.514][logging.cpp][INFO]文件配置加载完成
[2017.03.16 11:49:58.511][logging.cpp][INFO]<Record>    <UpdateDateTime>11111111111111</UpdateDateTime>    <Terminal>80201111</Terminal>    <TransType>4005</TransType>    <TransDate>20170308</TransDate>    <TransTime>111111</TransTime>    <Card>6212872034275498</Card>    <DestAccount>5212872034275498</DestAccount>    <TransAmount>100000</TransAmount>    <Currency>156</Currency>    <HostResponseCode>00</HostResponseCode>    <HostSerial>00009946</HostSerial>    <HostReference>000000009946</HostReference>    <CardType>001</CardType>    <Acquirer></Acquirer>    <Issuer></Issuer>    <Fee>250</Fee>    <BatchNo></BatchNo>    <TransResult>00</TransResult>    <Reserved></Reserved></Record>
[2017.03.16 11:49:58.511][logging.cpp][INFO]------------------------------ANALYSIS BEGIN AT TIME[2017/03/16 11:49:58]------------------------------
[2017.03.16 11:49:58.512][logging.cpp][INFO]LoadConfig，日志文件读取轮循时间，TIMER=[10s]
[2017.03.16 11:49:58.513][logging.cpp][INFO]获得ATM厂商[NCR]
[2017.03.16 11:49:58.513][logging.cpp][INFO]LoadConfig，需要分析的文件数，FILE_COUNT=[3]
[2017.03.16 11:49:58.514][logging.cpp][INFO]TRN|TFI|20170316.txt|664|664|0
[2017.03.16 11:49:58.515][logging.cpp][INFO]得到文件配置
业务类型[TRN]
交易类型[TFI]
文件名[20170316.txt]
文件大小[664]
上次读取位置[664]
循环读取标志[0]

[2017.03.16 11:49:58.516][logging.cpp][INFO]LoadConfig，需要分析的日志文件信息
FILE1
业务类型BizType=[TRN]
交易类型TranType=[TFI]
文件路径FilePath=[C:\NCR\ReportData\TransactionReport\20170316.txt]
[2017.03.16 11:49:58.517][logging.cpp][INFO]HARDPART|TFI|20170316.txt|219|219|0
[2017.03.16 11:49:58.517][logging.cpp][INFO]得到文件配置
业务类型[HARDPART]
交易类型[TFI]
文件名[20170316.txt]
文件大小[219]
上次读取位置[219]
循环读取标志[0]

[2017.03.16 11:49:58.518][logging.cpp][INFO]LoadConfig，需要分析的日志文件信息
FILE2
业务类型BizType=[HARDPART]
交易类型TranType=[TFI]
文件路径FilePath=[C:\NCR\ReportData\OEX\20170316.txt]
[2017.03.16 11:49:58.519][logging.cpp][INFO]HARDWARE|TFI|DeviceStatus.txt|0|0|1
[2017.03.16 11:49:58.520][logging.cpp][INFO]得到文件配置
业务类型[HARDWARE]
交易类型[TFI]
文件名[DeviceStatus.txt]
文件大小[0]
上次读取位置[0]
循环读取标志[1]

[2017.03.16 11:49:58.521][logging.cpp][INFO]LoadConfig，需要分析的日志文件信息
FILE3
业务类型BizType=[HARDWARE]
交易类型TranType=[TFI]
文件路径FilePath=[C:\NCR\ReportData\StatusReport\DeviceStatus.txt]
[2017.03.16 11:49:58.521][logging.cpp][INFO]文件配置加载完成
[2017.03.16 11:49:58.522][logging.cpp][INFO]业务类型[TRN]
[2017.03.16 11:50:39.565][logging.cpp][INFO]LoadConfig，日志文件读取轮循时间，TIMER=[10s]
[2017.03.16 11:50:39.566][logging.cpp][INFO]获得ATM厂商[NCR]
[2017.03.16 11:50:39.567][logging.cpp][INFO]LoadConfig，需要分析的文件数，FILE_COUNT=[3]
[2017.03.16 11:50:39.567][logging.cpp][INFO]TRN|TFI|20170316.txt|664|664|0
[2017.03.16 11:50:39.568][logging.cpp][INFO]得到文件配置
业务类型[TRN]
交易类型[TFI]
文件名[20170316.txt]
文件大小[664]
上次读取位置[664]
循环读取标志[0]

[2017.03.16 11:50:39.569][logging.cpp][INFO]LoadConfig，需要分析的日志文件信息
FILE1
业务类型BizType=[TRN]
交易类型TranType=[TFI]
文件路径FilePath=[C:\NCR\ReportData\TransactionReport\20170316.txt]
[2017.03.16 11:50:39.570][logging.cpp][INFO]HARDPART|TFI|20170316.txt|219|219|0
[2017.03.16 11:50:39.571][logging.cpp][INFO]得到文件配置
业务类型[HARDPART]
交易类型[TFI]
文件名[20170316.txt]
文件大小[219]
上次读取位置[219]
循环读取标志[0]

[2017.03.16 11:50:39.571][logging.cpp][INFO]LoadConfig，需要分析的日志文件信息
FILE2
业务类型BizType=[HARDPART]
交易类型TranType=[TFI]
文件路径FilePath=[C:\NCR\ReportData\OEX\20170316.txt]
[2017.03.16 11:50:39.572][logging.cpp][INFO]HARDWARE|TFI|DeviceStatus.txt|0|0|1
[2017.03.16 11:50:39.572][logging.cpp][INFO]得到文件配置
业务类型[HARDWARE]
交易类型[TFI]
文件名[DeviceStatus.txt]
文件大小[0]
上次读取位置[0]
循环读取标志[1]

[2017.03.16 11:50:39.573][logging.cpp][INFO]LoadConfig，需要分析的日志文件信息
FILE3
业务类型BizType=[HARDWARE]
交易类型TranType=[TFI]
文件路径FilePath=[C:\NCR\ReportData\StatusReport\DeviceStatus.txt]
[2017.03.16 11:50:39.574][logging.cpp][INFO]文件配置加载完成
